<?xml version="1.0" encoding="UTF-8"?>
<coverage generated="1724322333783" clover="3.2.0">
  <project timestamp="1724322333783" name="All files">
    <metrics statements="291" coveredstatements="291" conditionals="54" coveredconditionals="52" methods="83" coveredmethods="83" elements="428" coveredelements="426" complexity="0" loc="291" ncloc="291" packages="1" files="1" classes="1"/>
    <file name="script.js" path="C:\Users\HP\Desktop\13\E2-User-Management\script.js">
      <metrics statements="291" coveredstatements="291" conditionals="54" coveredconditionals="52" methods="83" coveredmethods="83"/>
      <line num="5" count="44" type="stmt"/>
      <line num="6" count="44" type="stmt"/>
      <line num="7" count="44" type="stmt"/>
      <line num="9" count="44" type="stmt"/>
      <line num="10" count="3" type="stmt"/>
      <line num="11" count="3" type="stmt"/>
      <line num="12" count="3" type="stmt"/>
      <line num="13" count="3" type="stmt"/>
      <line num="20" count="72" type="stmt"/>
      <line num="21" count="72" type="stmt"/>
      <line num="23" count="72" type="stmt"/>
      <line num="24" count="2" type="stmt"/>
      <line num="28" count="72" type="stmt"/>
      <line num="29" count="72" type="stmt"/>
      <line num="30" count="72" type="stmt"/>
      <line num="31" count="5" type="stmt"/>
      <line num="32" count="5" type="stmt"/>
      <line num="38" count="72" type="stmt"/>
      <line num="39" count="5" type="stmt"/>
      <line num="40" count="5" type="stmt"/>
      <line num="42" count="5" type="stmt"/>
      <line num="43" count="15" type="stmt"/>
      <line num="44" count="9" type="stmt"/>
      <line num="46" count="27" type="stmt"/>
      <line num="47" count="27" type="stmt"/>
      <line num="49" count="9" type="stmt"/>
      <line num="50" count="9" type="stmt"/>
      <line num="56" count="5" type="stmt"/>
      <line num="57" count="15" type="cond" truecount="2" falsecount="0"/>
      <line num="64" count="63" type="cond" truecount="2" falsecount="0"/>
      <line num="68" count="15" type="stmt"/>
      <line num="74" count="72" type="stmt"/>
      <line num="75" count="72" type="stmt"/>
      <line num="76" count="72" type="stmt"/>
      <line num="77" count="72" type="stmt"/>
      <line num="79" count="72" type="stmt"/>
      <line num="80" count="72" type="stmt"/>
      <line num="81" count="72" type="stmt"/>
      <line num="82" count="72" type="stmt"/>
      <line num="84" count="72" type="stmt"/>
      <line num="85" count="72" type="stmt"/>
      <line num="86" count="72" type="stmt"/>
      <line num="87" count="72" type="stmt"/>
      <line num="88" count="72" type="stmt"/>
      <line num="89" count="72" type="stmt"/>
      <line num="90" count="72" type="stmt"/>
      <line num="92" count="72" type="stmt"/>
      <line num="93" count="72" type="stmt"/>
      <line num="94" count="72" type="stmt"/>
      <line num="95" count="72" type="stmt"/>
      <line num="99" count="18" type="stmt"/>
      <line num="103" count="36" type="stmt"/>
      <line num="107" count="7" type="stmt"/>
      <line num="108" count="7" type="cond" truecount="2" falsecount="0"/>
      <line num="113" count="7" type="stmt"/>
      <line num="121" count="7" type="stmt"/>
      <line num="122" count="7" type="stmt"/>
      <line num="123" count="7" type="stmt"/>
      <line num="125" count="7" type="stmt"/>
      <line num="127" count="7" type="stmt"/>
      <line num="128" count="7" type="stmt"/>
      <line num="129" count="7" type="stmt"/>
      <line num="133" count="28" type="stmt"/>
      <line num="137" count="36" type="stmt"/>
      <line num="138" count="36" type="stmt"/>
      <line num="140" count="36" type="stmt"/>
      <line num="142" count="36" type="cond" truecount="2" falsecount="0"/>
      <line num="143" count="8" type="stmt"/>
      <line num="145" count="28" type="stmt"/>
      <line num="146" count="46" type="stmt"/>
      <line num="147" count="46" type="stmt"/>
      <line num="153" count="46" type="stmt"/>
      <line num="154" count="46" type="stmt"/>
      <line num="155" count="46" type="stmt"/>
      <line num="156" count="46" type="stmt"/>
      <line num="168" count="46" type="stmt"/>
      <line num="169" count="46" type="stmt"/>
      <line num="171" count="46" type="stmt"/>
      <line num="176" count="7" type="stmt"/>
      <line num="178" count="7" type="cond" truecount="2" falsecount="0"/>
      <line num="180" count="6" type="stmt"/>
      <line num="181" count="11" type="stmt"/>
      <line num="182" count="6" type="stmt"/>
      <line num="183" count="6" type="stmt"/>
      <line num="184" count="6" type="stmt"/>
      <line num="187" count="1" type="stmt"/>
      <line num="192" count="5" type="stmt"/>
      <line num="193" count="5" type="stmt"/>
      <line num="195" count="5" type="stmt"/>
      <line num="196" count="5" type="stmt"/>
      <line num="197" count="5" type="stmt"/>
      <line num="198" count="5" type="stmt"/>
      <line num="200" count="5" type="stmt"/>
      <line num="202" count="5" type="stmt"/>
      <line num="203" count="1" type="stmt"/>
      <line num="204" count="1" type="stmt"/>
      <line num="209" count="2" type="stmt"/>
      <line num="210" count="2" type="stmt"/>
      <line num="212" count="2" type="stmt"/>
      <line num="213" count="2" type="stmt"/>
      <line num="214" count="2" type="stmt"/>
      <line num="215" count="2" type="stmt"/>
      <line num="217" count="2" type="stmt"/>
      <line num="219" count="2" type="stmt"/>
      <line num="220" count="2" type="stmt"/>
      <line num="221" count="2" type="stmt"/>
      <line num="222" count="2" type="stmt"/>
      <line num="228" count="72" type="stmt"/>
      <line num="229" count="72" type="stmt"/>
      <line num="230" count="72" type="stmt"/>
      <line num="231" count="72" type="stmt"/>
      <line num="232" count="72" type="stmt"/>
      <line num="234" count="72" type="stmt"/>
      <line num="235" count="72" type="stmt"/>
      <line num="236" count="72" type="stmt"/>
      <line num="237" count="72" type="stmt"/>
      <line num="238" count="72" type="stmt"/>
      <line num="240" count="72" type="stmt"/>
      <line num="241" count="72" type="stmt"/>
      <line num="242" count="72" type="stmt"/>
      <line num="243" count="72" type="stmt"/>
      <line num="244" count="72" type="stmt"/>
      <line num="246" count="72" type="stmt"/>
      <line num="247" count="72" type="stmt"/>
      <line num="248" count="72" type="stmt"/>
      <line num="249" count="72" type="stmt"/>
      <line num="250" count="72" type="stmt"/>
      <line num="254" count="21" type="stmt"/>
      <line num="258" count="31" type="stmt"/>
      <line num="262" count="5" type="cond" truecount="2" falsecount="0"/>
      <line num="263" count="5" type="cond" truecount="2" falsecount="0"/>
      <line num="267" count="5" type="stmt"/>
      <line num="273" count="5" type="cond" truecount="2" falsecount="0"/>
      <line num="274" count="5" type="stmt"/>
      <line num="275" count="5" type="stmt"/>
      <line num="277" count="5" type="stmt"/>
      <line num="278" count="5" type="stmt"/>
      <line num="279" count="5" type="stmt"/>
      <line num="280" count="5" type="stmt"/>
      <line num="284" count="27" type="stmt"/>
      <line num="285" count="27" type="cond" truecount="2" falsecount="0"/>
      <line num="287" count="27" type="stmt"/>
      <line num="289" count="27" type="cond" truecount="2" falsecount="0"/>
      <line num="290" count="7" type="stmt"/>
      <line num="291" count="7" type="stmt"/>
      <line num="292" count="7" type="stmt"/>
      <line num="294" count="20" type="stmt"/>
      <line num="295" count="21" type="stmt"/>
      <line num="297" count="21" type="stmt"/>
      <line num="298" count="21" type="stmt"/>
      <line num="299" count="21" type="cond" truecount="2" falsecount="0"/>
      <line num="300" count="21" type="stmt"/>
      <line num="309" count="21" type="stmt"/>
      <line num="311" count="21" type="stmt"/>
      <line num="312" count="21" type="stmt"/>
      <line num="318" count="5" type="stmt"/>
      <line num="320" count="5" type="stmt"/>
      <line num="321" count="5" type="stmt"/>
      <line num="322" count="5" type="stmt"/>
      <line num="324" count="5" type="cond" truecount="2" falsecount="0"/>
      <line num="325" count="5" type="cond" truecount="2" falsecount="0"/>
      <line num="326" count="1" type="stmt"/>
      <line num="327" count="1" type="stmt"/>
      <line num="329" count="8" type="stmt"/>
      <line num="330" count="4" type="stmt"/>
      <line num="333" count="5" type="stmt"/>
      <line num="334" count="3" type="stmt"/>
      <line num="336" count="6" type="stmt"/>
      <line num="337" count="3" type="stmt"/>
      <line num="339" count="3" type="stmt"/>
      <line num="340" count="6" type="stmt"/>
      <line num="343" count="3" type="stmt"/>
      <line num="345" count="3" type="cond" truecount="1" falsecount="1"/>
      <line num="347" count="3" type="stmt"/>
      <line num="348" count="3" type="stmt"/>
      <line num="349" count="3" type="stmt"/>
      <line num="350" count="3" type="stmt"/>
      <line num="355" count="4" type="stmt"/>
      <line num="357" count="4" type="stmt"/>
      <line num="358" count="4" type="stmt"/>
      <line num="360" count="4" type="stmt"/>
      <line num="362" count="4" type="cond" truecount="2" falsecount="0"/>
      <line num="363" count="1" type="stmt"/>
      <line num="364" count="1" type="stmt"/>
      <line num="366" count="6" type="stmt"/>
      <line num="367" count="3" type="stmt"/>
      <line num="370" count="4" type="stmt"/>
      <line num="371" count="2" type="stmt"/>
      <line num="373" count="2" type="stmt"/>
      <line num="376" count="2" type="stmt"/>
      <line num="378" count="2" type="stmt"/>
      <line num="379" count="2" type="stmt"/>
      <line num="382" count="2" type="stmt"/>
      <line num="384" count="2" type="cond" truecount="1" falsecount="1"/>
      <line num="386" count="2" type="stmt"/>
      <line num="387" count="2" type="stmt"/>
      <line num="388" count="2" type="stmt"/>
      <line num="389" count="2" type="stmt"/>
      <line num="395" count="72" type="stmt"/>
      <line num="396" count="72" type="stmt"/>
      <line num="397" count="72" type="stmt"/>
      <line num="398" count="72" type="stmt"/>
      <line num="399" count="72" type="stmt"/>
      <line num="400" count="72" type="stmt"/>
      <line num="401" count="72" type="stmt"/>
      <line num="402" count="72" type="stmt"/>
      <line num="403" count="72" type="stmt"/>
      <line num="404" count="72" type="stmt"/>
      <line num="405" count="72" type="stmt"/>
      <line num="406" count="72" type="stmt"/>
      <line num="407" count="72" type="stmt"/>
      <line num="408" count="72" type="stmt"/>
      <line num="409" count="72" type="stmt"/>
      <line num="410" count="72" type="stmt"/>
      <line num="414" count="72" type="stmt"/>
      <line num="415" count="72" type="stmt"/>
      <line num="416" count="72" type="stmt"/>
      <line num="417" count="72" type="stmt"/>
      <line num="418" count="72" type="stmt"/>
      <line num="423" count="7" type="cond" truecount="2" falsecount="0"/>
      <line num="424" count="7" type="cond" truecount="2" falsecount="0"/>
      <line num="428" count="7" type="stmt"/>
      <line num="436" count="7" type="cond" truecount="2" falsecount="0"/>
      <line num="437" count="7" type="stmt"/>
      <line num="438" count="7" type="stmt"/>
      <line num="440" count="7" type="stmt"/>
      <line num="441" count="7" type="stmt"/>
      <line num="442" count="7" type="stmt"/>
      <line num="443" count="7" type="stmt"/>
      <line num="444" count="7" type="stmt"/>
      <line num="448" count="25" type="stmt"/>
      <line num="449" count="25" type="cond" truecount="2" falsecount="0"/>
      <line num="451" count="25" type="stmt"/>
      <line num="453" count="25" type="cond" truecount="2" falsecount="0"/>
      <line num="454" count="7" type="stmt"/>
      <line num="456" count="18" type="stmt"/>
      <line num="457" count="22" type="stmt"/>
      <line num="459" count="22" type="stmt"/>
      <line num="460" count="22" type="stmt"/>
      <line num="461" count="22" type="stmt"/>
      <line num="471" count="22" type="stmt"/>
      <line num="473" count="22" type="stmt"/>
      <line num="474" count="22" type="stmt"/>
      <line num="476" count="22" type="stmt"/>
      <line num="477" count="22" type="stmt"/>
      <line num="486" count="6" type="stmt"/>
      <line num="488" count="6" type="stmt"/>
      <line num="489" count="7" type="stmt"/>
      <line num="491" count="6" type="stmt"/>
      <line num="492" count="12" type="stmt"/>
      <line num="493" count="6" type="stmt"/>
      <line num="495" count="6" type="stmt"/>
      <line num="496" count="5" type="stmt"/>
      <line num="498" count="5" type="stmt"/>
      <line num="500" count="8" type="stmt"/>
      <line num="502" count="5" type="stmt"/>
      <line num="504" count="5" type="stmt"/>
      <line num="505" count="5" type="stmt"/>
      <line num="506" count="5" type="stmt"/>
      <line num="507" count="5" type="stmt"/>
      <line num="512" count="4" type="stmt"/>
      <line num="514" count="4" type="stmt"/>
      <line num="515" count="4" type="stmt"/>
      <line num="517" count="4" type="stmt"/>
      <line num="518" count="8" type="stmt"/>
      <line num="519" count="4" type="stmt"/>
      <line num="521" count="4" type="stmt"/>
      <line num="522" count="3" type="stmt"/>
      <line num="524" count="3" type="stmt"/>
      <line num="526" count="6" type="stmt"/>
      <line num="528" count="3" type="stmt"/>
      <line num="530" count="3" type="stmt"/>
      <line num="531" count="3" type="stmt"/>
      <line num="532" count="3" type="stmt"/>
      <line num="533" count="3" type="stmt"/>
      <line num="538" count="13" type="stmt"/>
      <line num="539" count="13" type="cond" truecount="2" falsecount="0"/>
      <line num="541" count="13" type="stmt"/>
      <line num="542" count="10" type="cond" truecount="2" falsecount="0"/>
      <line num="545" count="13" type="stmt"/>
      <line num="547" count="13" type="cond" truecount="2" falsecount="0"/>
      <line num="548" count="5" type="stmt"/>
      <line num="550" count="8" type="stmt"/>
      <line num="551" count="9" type="stmt"/>
      <line num="552" count="9" type="cond" truecount="2" falsecount="0"/>
      <line num="553" count="9" type="cond" truecount="2" falsecount="0"/>
      <line num="554" count="9" type="cond" truecount="2" falsecount="0"/>
      <line num="556" count="9" type="stmt"/>
      <line num="557" count="9" type="stmt"/>
      <line num="563" count="9" type="stmt"/>
      <line num="570" count="72" type="stmt"/>
    </file>
  </project>
</coverage>
