{"C:\\Users\\HP\\Desktop\\13\\E2-User-Management\\script.js": {"path":"C:\\Users\\HP\\Desktop\\13\\E2-User-Management\\script.js","statementMap":{"0":{"start":{"line":5,"column":25},"end":{"line":5,"column":64}},"1":{"start":{"line":6,"column":4},"end":{"line":6,"column":39}},"2":{"start":{"line":7,"column":4},"end":{"line":7,"column":41}},"3":{"start":{"line":9,"column":4},"end":{"line":15,"column":13}},"4":{"start":{"line":10,"column":8},"end":{"line":10,"column":41}},"5":{"start":{"line":11,"column":8},"end":{"line":14,"column":16}},"6":{"start":{"line":12,"column":12},"end":{"line":12,"column":48}},"7":{"start":{"line":13,"column":12},"end":{"line":13,"column":45}},"8":{"start":{"line":20,"column":16},"end":{"line":20,"column":50}},"9":{"start":{"line":21,"column":13},"end":{"line":21,"column":52}},"10":{"start":{"line":23,"column":0},"end":{"line":25,"column":3}},"11":{"start":{"line":24,"column":4},"end":{"line":24,"column":39}},"12":{"start":{"line":28,"column":0},"end":{"line":28,"column":59}},"13":{"start":{"line":29,"column":0},"end":{"line":29,"column":60}},"14":{"start":{"line":30,"column":0},"end":{"line":36,"column":3}},"15":{"start":{"line":31,"column":4},"end":{"line":31,"column":18}},"16":{"start":{"line":32,"column":4},"end":{"line":32,"column":28}},"17":{"start":{"line":38,"column":0},"end":{"line":59,"column":3}},"18":{"start":{"line":39,"column":25},"end":{"line":39,"column":65}},"19":{"start":{"line":40,"column":28},"end":{"line":40,"column":70}},"20":{"start":{"line":42,"column":4},"end":{"line":54,"column":7}},"21":{"start":{"line":43,"column":8},"end":{"line":51,"column":11}},"22":{"start":{"line":44,"column":12},"end":{"line":44,"column":35}},"23":{"start":{"line":46,"column":12},"end":{"line":46,"column":76}},"24":{"start":{"line":46,"column":41},"end":{"line":46,"column":74}},"25":{"start":{"line":47,"column":12},"end":{"line":47,"column":79}},"26":{"start":{"line":47,"column":47},"end":{"line":47,"column":77}},"27":{"start":{"line":49,"column":12},"end":{"line":49,"column":85}},"28":{"start":{"line":50,"column":12},"end":{"line":50,"column":43}},"29":{"start":{"line":56,"column":4},"end":{"line":58,"column":7}},"30":{"start":{"line":57,"column":8},"end":{"line":57,"column":62}},"31":{"start":{"line":64,"column":4},"end":{"line":64,"column":59}},"32":{"start":{"line":68,"column":4},"end":{"line":68,"column":57}},"33":{"start":{"line":74,"column":24},"end":{"line":74,"column":63}},"34":{"start":{"line":75,"column":22},"end":{"line":75,"column":56}},"35":{"start":{"line":76,"column":17},"end":{"line":76,"column":61}},"36":{"start":{"line":77,"column":18},"end":{"line":77,"column":63}},"37":{"start":{"line":79,"column":22},"end":{"line":79,"column":57}},"38":{"start":{"line":80,"column":19},"end":{"line":80,"column":51}},"39":{"start":{"line":81,"column":23},"end":{"line":81,"column":59}},"40":{"start":{"line":82,"column":22},"end":{"line":82,"column":57}},"41":{"start":{"line":84,"column":24},"end":{"line":84,"column":66}},"42":{"start":{"line":85,"column":23},"end":{"line":85,"column":64}},"43":{"start":{"line":86,"column":28},"end":{"line":86,"column":69}},"44":{"start":{"line":87,"column":25},"end":{"line":87,"column":63}},"45":{"start":{"line":88,"column":29},"end":{"line":88,"column":71}},"46":{"start":{"line":89,"column":28},"end":{"line":89,"column":69}},"47":{"start":{"line":90,"column":22},"end":{"line":90,"column":59}},"48":{"start":{"line":92,"column":0},"end":{"line":92,"column":84}},"49":{"start":{"line":92,"column":46},"end":{"line":92,"column":82}},"50":{"start":{"line":93,"column":0},"end":{"line":93,"column":79}},"51":{"start":{"line":93,"column":41},"end":{"line":93,"column":77}},"52":{"start":{"line":94,"column":0},"end":{"line":94,"column":45}},"53":{"start":{"line":95,"column":0},"end":{"line":95,"column":84}},"54":{"start":{"line":95,"column":46},"end":{"line":95,"column":82}},"55":{"start":{"line":99,"column":4},"end":{"line":99,"column":39}},"56":{"start":{"line":103,"column":4},"end":{"line":103,"column":45}},"57":{"start":{"line":107,"column":18},"end":{"line":107,"column":39}},"58":{"start":{"line":108,"column":4},"end":{"line":108,"column":61}},"59":{"start":{"line":113,"column":17},"end":{"line":119,"column":5}},"60":{"start":{"line":121,"column":18},"end":{"line":121,"column":39}},"61":{"start":{"line":122,"column":4},"end":{"line":122,"column":21}},"62":{"start":{"line":123,"column":4},"end":{"line":123,"column":30}},"63":{"start":{"line":125,"column":4},"end":{"line":125,"column":81}},"64":{"start":{"line":127,"column":4},"end":{"line":127,"column":18}},"65":{"start":{"line":128,"column":4},"end":{"line":128,"column":41}},"66":{"start":{"line":129,"column":4},"end":{"line":129,"column":51}},"67":{"start":{"line":133,"column":4},"end":{"line":133,"column":46}},"68":{"start":{"line":133,"column":28},"end":{"line":133,"column":44}},"69":{"start":{"line":137,"column":27},"end":{"line":137,"column":70}},"70":{"start":{"line":138,"column":18},"end":{"line":138,"column":39}},"71":{"start":{"line":140,"column":4},"end":{"line":140,"column":34}},"72":{"start":{"line":142,"column":4},"end":{"line":149,"column":5}},"73":{"start":{"line":143,"column":8},"end":{"line":143,"column":93}},"74":{"start":{"line":145,"column":8},"end":{"line":148,"column":11}},"75":{"start":{"line":146,"column":24},"end":{"line":146,"column":43}},"76":{"start":{"line":147,"column":12},"end":{"line":147,"column":44}},"77":{"start":{"line":153,"column":28},"end":{"line":153,"column":67}},"78":{"start":{"line":154,"column":16},"end":{"line":154,"column":44}},"79":{"start":{"line":155,"column":4},"end":{"line":155,"column":34}},"80":{"start":{"line":156,"column":4},"end":{"line":166,"column":6}},"81":{"start":{"line":168,"column":4},"end":{"line":168,"column":86}},"82":{"start":{"line":168,"column":67},"end":{"line":168,"column":84}},"83":{"start":{"line":169,"column":4},"end":{"line":169,"column":90}},"84":{"start":{"line":169,"column":69},"end":{"line":169,"column":88}},"85":{"start":{"line":171,"column":4},"end":{"line":171,"column":15}},"86":{"start":{"line":176,"column":22},"end":{"line":176,"column":82}},"87":{"start":{"line":178,"column":4},"end":{"line":188,"column":5}},"88":{"start":{"line":180,"column":22},"end":{"line":180,"column":43}},"89":{"start":{"line":181,"column":29},"end":{"line":181,"column":69}},"90":{"start":{"line":181,"column":50},"end":{"line":181,"column":68}},"91":{"start":{"line":182,"column":8},"end":{"line":182,"column":41}},"92":{"start":{"line":183,"column":8},"end":{"line":183,"column":22}},"93":{"start":{"line":184,"column":8},"end":{"line":184,"column":55}},"94":{"start":{"line":187,"column":8},"end":{"line":187,"column":46}},"95":{"start":{"line":192,"column":18},"end":{"line":192,"column":39}},"96":{"start":{"line":193,"column":17},"end":{"line":193,"column":49}},"97":{"start":{"line":193,"column":33},"end":{"line":193,"column":48}},"98":{"start":{"line":195,"column":4},"end":{"line":195,"column":46}},"99":{"start":{"line":196,"column":4},"end":{"line":196,"column":40}},"100":{"start":{"line":197,"column":4},"end":{"line":197,"column":48}},"101":{"start":{"line":198,"column":4},"end":{"line":198,"column":46}},"102":{"start":{"line":200,"column":4},"end":{"line":200,"column":41}},"103":{"start":{"line":202,"column":4},"end":{"line":205,"column":6}},"104":{"start":{"line":203,"column":8},"end":{"line":203,"column":31}},"105":{"start":{"line":204,"column":8},"end":{"line":204,"column":27}},"106":{"start":{"line":209,"column":18},"end":{"line":209,"column":39}},"107":{"start":{"line":210,"column":17},"end":{"line":210,"column":49}},"108":{"start":{"line":210,"column":33},"end":{"line":210,"column":48}},"109":{"start":{"line":212,"column":4},"end":{"line":212,"column":59}},"110":{"start":{"line":213,"column":4},"end":{"line":213,"column":53}},"111":{"start":{"line":214,"column":4},"end":{"line":214,"column":61}},"112":{"start":{"line":215,"column":4},"end":{"line":215,"column":59}},"113":{"start":{"line":217,"column":4},"end":{"line":217,"column":30}},"114":{"start":{"line":219,"column":4},"end":{"line":219,"column":41}},"115":{"start":{"line":220,"column":4},"end":{"line":220,"column":27}},"116":{"start":{"line":221,"column":4},"end":{"line":221,"column":18}},"117":{"start":{"line":222,"column":4},"end":{"line":222,"column":51}},"118":{"start":{"line":228,"column":25},"end":{"line":228,"column":68}},"119":{"start":{"line":229,"column":23},"end":{"line":229,"column":61}},"120":{"start":{"line":230,"column":33},"end":{"line":230,"column":81}},"121":{"start":{"line":231,"column":34},"end":{"line":231,"column":83}},"122":{"start":{"line":232,"column":23},"end":{"line":232,"column":59}},"123":{"start":{"line":234,"column":28},"end":{"line":234,"column":74}},"124":{"start":{"line":235,"column":20},"end":{"line":235,"column":58}},"125":{"start":{"line":236,"column":28},"end":{"line":236,"column":74}},"126":{"start":{"line":237,"column":25},"end":{"line":237,"column":93}},"127":{"start":{"line":238,"column":24},"end":{"line":238,"column":63}},"128":{"start":{"line":240,"column":33},"end":{"line":240,"column":79}},"129":{"start":{"line":241,"column":19},"end":{"line":241,"column":63}},"130":{"start":{"line":242,"column":33},"end":{"line":242,"column":79}},"131":{"start":{"line":243,"column":27},"end":{"line":243,"column":69}},"132":{"start":{"line":244,"column":28},"end":{"line":244,"column":96}},"133":{"start":{"line":246,"column":0},"end":{"line":246,"column":76}},"134":{"start":{"line":246,"column":47},"end":{"line":246,"column":74}},"135":{"start":{"line":247,"column":0},"end":{"line":247,"column":86}},"136":{"start":{"line":247,"column":57},"end":{"line":247,"column":84}},"137":{"start":{"line":248,"column":0},"end":{"line":248,"column":65}},"138":{"start":{"line":249,"column":0},"end":{"line":249,"column":80}},"139":{"start":{"line":249,"column":48},"end":{"line":249,"column":78}},"140":{"start":{"line":250,"column":0},"end":{"line":250,"column":88}},"141":{"start":{"line":250,"column":51},"end":{"line":250,"column":86}},"142":{"start":{"line":254,"column":4},"end":{"line":254,"column":33}},"143":{"start":{"line":258,"column":4},"end":{"line":258,"column":33}},"144":{"start":{"line":262,"column":19},"end":{"line":262,"column":99}},"145":{"start":{"line":263,"column":4},"end":{"line":263,"column":64}},"146":{"start":{"line":267,"column":18},"end":{"line":271,"column":5}},"147":{"start":{"line":273,"column":19},"end":{"line":273,"column":99}},"148":{"start":{"line":274,"column":4},"end":{"line":274,"column":23}},"149":{"start":{"line":275,"column":4},"end":{"line":275,"column":59}},"150":{"start":{"line":277,"column":4},"end":{"line":277,"column":30}},"151":{"start":{"line":278,"column":4},"end":{"line":278,"column":19}},"152":{"start":{"line":279,"column":4},"end":{"line":279,"column":52}},"153":{"start":{"line":280,"column":4},"end":{"line":280,"column":32}},"154":{"start":{"line":284,"column":28},"end":{"line":284,"column":72}},"155":{"start":{"line":285,"column":19},"end":{"line":285,"column":99}},"156":{"start":{"line":287,"column":4},"end":{"line":287,"column":35}},"157":{"start":{"line":289,"column":4},"end":{"line":314,"column":5}},"158":{"start":{"line":290,"column":28},"end":{"line":290,"column":56}},"159":{"start":{"line":291,"column":8},"end":{"line":291,"column":82}},"160":{"start":{"line":292,"column":8},"end":{"line":292,"column":49}},"161":{"start":{"line":294,"column":8},"end":{"line":313,"column":11}},"162":{"start":{"line":295,"column":37},"end":{"line":295,"column":77}},"163":{"start":{"line":297,"column":24},"end":{"line":297,"column":52}},"164":{"start":{"line":298,"column":12},"end":{"line":298,"column":44}},"165":{"start":{"line":299,"column":33},"end":{"line":299,"column":98}},"166":{"start":{"line":300,"column":12},"end":{"line":308,"column":14}},"167":{"start":{"line":309,"column":12},"end":{"line":309,"column":45}},"168":{"start":{"line":311,"column":12},"end":{"line":311,"column":93}},"169":{"start":{"line":311,"column":74},"end":{"line":311,"column":91}},"170":{"start":{"line":312,"column":12},"end":{"line":312,"column":99}},"171":{"start":{"line":312,"column":77},"end":{"line":312,"column":97}},"172":{"start":{"line":318,"column":4},"end":{"line":318,"column":35}},"173":{"start":{"line":320,"column":19},"end":{"line":320,"column":61}},"174":{"start":{"line":321,"column":18},"end":{"line":321,"column":52}},"175":{"start":{"line":321,"column":35},"end":{"line":321,"column":51}},"176":{"start":{"line":322,"column":4},"end":{"line":322,"column":67}},"177":{"start":{"line":324,"column":18},"end":{"line":324,"column":65}},"178":{"start":{"line":325,"column":4},"end":{"line":331,"column":5}},"179":{"start":{"line":326,"column":8},"end":{"line":326,"column":67}},"180":{"start":{"line":327,"column":8},"end":{"line":327,"column":41}},"181":{"start":{"line":329,"column":8},"end":{"line":329,"column":115}},"182":{"start":{"line":329,"column":50},"end":{"line":329,"column":104}},"183":{"start":{"line":330,"column":8},"end":{"line":330,"column":42}},"184":{"start":{"line":333,"column":4},"end":{"line":351,"column":6}},"185":{"start":{"line":334,"column":8},"end":{"line":334,"column":31}},"186":{"start":{"line":336,"column":34},"end":{"line":336,"column":107}},"187":{"start":{"line":336,"column":88},"end":{"line":336,"column":106}},"188":{"start":{"line":337,"column":24},"end":{"line":337,"column":44}},"189":{"start":{"line":339,"column":8},"end":{"line":341,"column":11}},"190":{"start":{"line":340,"column":12},"end":{"line":340,"column":34}},"191":{"start":{"line":343,"column":8},"end":{"line":343,"column":42}},"192":{"start":{"line":345,"column":30},"end":{"line":345,"column":75}},"193":{"start":{"line":345,"column":46},"end":{"line":345,"column":74}},"194":{"start":{"line":347,"column":8},"end":{"line":347,"column":70}},"195":{"start":{"line":348,"column":8},"end":{"line":348,"column":23}},"196":{"start":{"line":349,"column":8},"end":{"line":349,"column":65}},"197":{"start":{"line":350,"column":8},"end":{"line":350,"column":39}},"198":{"start":{"line":355,"column":4},"end":{"line":355,"column":40}},"199":{"start":{"line":357,"column":19},"end":{"line":357,"column":61}},"200":{"start":{"line":358,"column":18},"end":{"line":358,"column":52}},"201":{"start":{"line":358,"column":35},"end":{"line":358,"column":51}},"202":{"start":{"line":360,"column":4},"end":{"line":360,"column":75}},"203":{"start":{"line":362,"column":4},"end":{"line":368,"column":5}},"204":{"start":{"line":363,"column":8},"end":{"line":363,"column":69}},"205":{"start":{"line":364,"column":8},"end":{"line":364,"column":44}},"206":{"start":{"line":366,"column":8},"end":{"line":366,"column":92}},"207":{"start":{"line":366,"column":55},"end":{"line":366,"column":81}},"208":{"start":{"line":367,"column":8},"end":{"line":367,"column":45}},"209":{"start":{"line":370,"column":4},"end":{"line":390,"column":6}},"210":{"start":{"line":371,"column":8},"end":{"line":371,"column":31}},"211":{"start":{"line":373,"column":30},"end":{"line":373,"column":102}},"212":{"start":{"line":373,"column":83},"end":{"line":373,"column":101}},"213":{"start":{"line":376,"column":24},"end":{"line":376,"column":44}},"214":{"start":{"line":378,"column":8},"end":{"line":380,"column":11}},"215":{"start":{"line":379,"column":12},"end":{"line":379,"column":33}},"216":{"start":{"line":382,"column":8},"end":{"line":382,"column":42}},"217":{"start":{"line":384,"column":30},"end":{"line":384,"column":75}},"218":{"start":{"line":384,"column":46},"end":{"line":384,"column":74}},"219":{"start":{"line":386,"column":8},"end":{"line":386,"column":70}},"220":{"start":{"line":387,"column":8},"end":{"line":387,"column":23}},"221":{"start":{"line":388,"column":8},"end":{"line":388,"column":69}},"222":{"start":{"line":389,"column":8},"end":{"line":389,"column":44}},"223":{"start":{"line":395,"column":24},"end":{"line":395,"column":66}},"224":{"start":{"line":396,"column":22},"end":{"line":396,"column":59}},"225":{"start":{"line":397,"column":32},"end":{"line":397,"column":79}},"226":{"start":{"line":398,"column":33},"end":{"line":398,"column":81}},"227":{"start":{"line":399,"column":22},"end":{"line":399,"column":57}},"228":{"start":{"line":400,"column":29},"end":{"line":400,"column":71}},"229":{"start":{"line":401,"column":27},"end":{"line":401,"column":75}},"230":{"start":{"line":402,"column":32},"end":{"line":402,"column":81}},"231":{"start":{"line":403,"column":30},"end":{"line":403,"column":78}},"232":{"start":{"line":404,"column":31},"end":{"line":404,"column":80}},"233":{"start":{"line":405,"column":27},"end":{"line":405,"column":75}},"234":{"start":{"line":406,"column":28},"end":{"line":406,"column":98}},"235":{"start":{"line":407,"column":28},"end":{"line":407,"column":77}},"236":{"start":{"line":408,"column":29},"end":{"line":408,"column":100}},"237":{"start":{"line":409,"column":24},"end":{"line":409,"column":66}},"238":{"start":{"line":410,"column":21},"end":{"line":410,"column":60}},"239":{"start":{"line":414,"column":0},"end":{"line":414,"column":74}},"240":{"start":{"line":414,"column":46},"end":{"line":414,"column":72}},"241":{"start":{"line":415,"column":0},"end":{"line":415,"column":84}},"242":{"start":{"line":415,"column":56},"end":{"line":415,"column":82}},"243":{"start":{"line":416,"column":0},"end":{"line":416,"column":63}},"244":{"start":{"line":417,"column":0},"end":{"line":417,"column":85}},"245":{"start":{"line":417,"column":51},"end":{"line":417,"column":83}},"246":{"start":{"line":418,"column":0},"end":{"line":418,"column":91}},"247":{"start":{"line":418,"column":56},"end":{"line":418,"column":89}},"248":{"start":{"line":423,"column":18},"end":{"line":423,"column":96}},"249":{"start":{"line":424,"column":4},"end":{"line":424,"column":61}},"250":{"start":{"line":428,"column":17},"end":{"line":434,"column":5}},"251":{"start":{"line":436,"column":18},"end":{"line":436,"column":96}},"252":{"start":{"line":437,"column":4},"end":{"line":437,"column":21}},"253":{"start":{"line":438,"column":4},"end":{"line":438,"column":57}},"254":{"start":{"line":440,"column":4},"end":{"line":440,"column":29}},"255":{"start":{"line":441,"column":4},"end":{"line":441,"column":36}},"256":{"start":{"line":442,"column":4},"end":{"line":442,"column":18}},"257":{"start":{"line":443,"column":4},"end":{"line":443,"column":51}},"258":{"start":{"line":444,"column":4},"end":{"line":444,"column":31}},"259":{"start":{"line":448,"column":27},"end":{"line":448,"column":70}},"260":{"start":{"line":449,"column":18},"end":{"line":449,"column":96}},"261":{"start":{"line":451,"column":4},"end":{"line":451,"column":34}},"262":{"start":{"line":453,"column":4},"end":{"line":481,"column":5}},"263":{"start":{"line":454,"column":8},"end":{"line":454,"column":93}},"264":{"start":{"line":456,"column":8},"end":{"line":478,"column":11}},"265":{"start":{"line":457,"column":36},"end":{"line":457,"column":75}},"266":{"start":{"line":459,"column":24},"end":{"line":459,"column":52}},"267":{"start":{"line":460,"column":12},"end":{"line":460,"column":42}},"268":{"start":{"line":461,"column":12},"end":{"line":469,"column":14}},"269":{"start":{"line":471,"column":12},"end":{"line":471,"column":44}},"270":{"start":{"line":473,"column":34},"end":{"line":473,"column":66}},"271":{"start":{"line":474,"column":35},"end":{"line":474,"column":68}},"272":{"start":{"line":476,"column":12},"end":{"line":476,"column":85}},"273":{"start":{"line":476,"column":58},"end":{"line":476,"column":83}},"274":{"start":{"line":477,"column":12},"end":{"line":477,"column":87}},"275":{"start":{"line":477,"column":59},"end":{"line":477,"column":85}},"276":{"start":{"line":486,"column":4},"end":{"line":486,"column":37}},"277":{"start":{"line":488,"column":18},"end":{"line":488,"column":59}},"278":{"start":{"line":489,"column":17},"end":{"line":489,"column":49}},"279":{"start":{"line":489,"column":33},"end":{"line":489,"column":48}},"280":{"start":{"line":491,"column":18},"end":{"line":491,"column":59}},"281":{"start":{"line":492,"column":4},"end":{"line":492,"column":115}},"282":{"start":{"line":492,"column":50},"end":{"line":492,"column":104}},"283":{"start":{"line":493,"column":4},"end":{"line":493,"column":54}},"284":{"start":{"line":495,"column":4},"end":{"line":508,"column":6}},"285":{"start":{"line":496,"column":8},"end":{"line":496,"column":31}},"286":{"start":{"line":498,"column":38},"end":{"line":498,"column":56}},"287":{"start":{"line":500,"column":32},"end":{"line":500,"column":109}},"288":{"start":{"line":500,"column":90},"end":{"line":500,"column":108}},"289":{"start":{"line":502,"column":8},"end":{"line":502,"column":97}},"290":{"start":{"line":504,"column":8},"end":{"line":504,"column":61}},"291":{"start":{"line":505,"column":8},"end":{"line":505,"column":32}},"292":{"start":{"line":506,"column":8},"end":{"line":506,"column":68}},"293":{"start":{"line":507,"column":8},"end":{"line":507,"column":41}},"294":{"start":{"line":512,"column":4},"end":{"line":512,"column":38}},"295":{"start":{"line":514,"column":18},"end":{"line":514,"column":59}},"296":{"start":{"line":515,"column":17},"end":{"line":515,"column":49}},"297":{"start":{"line":515,"column":33},"end":{"line":515,"column":48}},"298":{"start":{"line":517,"column":19},"end":{"line":517,"column":61}},"299":{"start":{"line":518,"column":4},"end":{"line":518,"column":117}},"300":{"start":{"line":518,"column":49},"end":{"line":518,"column":106}},"301":{"start":{"line":519,"column":4},"end":{"line":519,"column":56}},"302":{"start":{"line":521,"column":4},"end":{"line":534,"column":6}},"303":{"start":{"line":522,"column":8},"end":{"line":522,"column":31}},"304":{"start":{"line":524,"column":39},"end":{"line":524,"column":58}},"305":{"start":{"line":526,"column":33},"end":{"line":526,"column":107}},"306":{"start":{"line":526,"column":88},"end":{"line":526,"column":106}},"307":{"start":{"line":528,"column":8},"end":{"line":528,"column":100}},"308":{"start":{"line":530,"column":8},"end":{"line":530,"column":61}},"309":{"start":{"line":531,"column":8},"end":{"line":531,"column":32}},"310":{"start":{"line":532,"column":8},"end":{"line":532,"column":69}},"311":{"start":{"line":533,"column":8},"end":{"line":533,"column":42}},"312":{"start":{"line":538,"column":37},"end":{"line":538,"column":90}},"313":{"start":{"line":539,"column":18},"end":{"line":539,"column":65}},"314":{"start":{"line":541,"column":26},"end":{"line":543,"column":5}},"315":{"start":{"line":542,"column":8},"end":{"line":542,"column":71}},"316":{"start":{"line":545,"column":4},"end":{"line":545,"column":44}},"317":{"start":{"line":547,"column":4},"end":{"line":565,"column":5}},"318":{"start":{"line":548,"column":8},"end":{"line":548,"column":112}},"319":{"start":{"line":550,"column":8},"end":{"line":564,"column":11}},"320":{"start":{"line":551,"column":34},"end":{"line":551,"column":52}},"321":{"start":{"line":552,"column":35},"end":{"line":552,"column":60}},"322":{"start":{"line":553,"column":33},"end":{"line":553,"column":102}},"323":{"start":{"line":554,"column":34},"end":{"line":554,"column":106}},"324":{"start":{"line":556,"column":24},"end":{"line":556,"column":52}},"325":{"start":{"line":557,"column":12},"end":{"line":561,"column":14}},"326":{"start":{"line":563,"column":12},"end":{"line":563,"column":54}},"327":{"start":{"line":570,"column":0},"end":{"line":579,"column":2}}},"fnMap":{"0":{"name":"showNotification","decl":{"start":{"line":4,"column":9},"end":{"line":4,"column":25}},"loc":{"start":{"line":4,"column":35},"end":{"line":16,"column":1}},"line":4},"1":{"name":"(anonymous_1)","decl":{"start":{"line":9,"column":15},"end":{"line":9,"column":16}},"loc":{"start":{"line":9,"column":21},"end":{"line":15,"column":5}},"line":9},"2":{"name":"(anonymous_2)","decl":{"start":{"line":11,"column":19},"end":{"line":11,"column":20}},"loc":{"start":{"line":11,"column":25},"end":{"line":14,"column":9}},"line":11},"3":{"name":"(anonymous_3)","decl":{"start":{"line":23,"column":31},"end":{"line":23,"column":32}},"loc":{"start":{"line":23,"column":37},"end":{"line":25,"column":1}},"line":23},"4":{"name":"(anonymous_4)","decl":{"start":{"line":30,"column":46},"end":{"line":30,"column":47}},"loc":{"start":{"line":30,"column":52},"end":{"line":36,"column":1}},"line":30},"5":{"name":"(anonymous_5)","decl":{"start":{"line":38,"column":46},"end":{"line":38,"column":47}},"loc":{"start":{"line":38,"column":58},"end":{"line":59,"column":1}},"line":38},"6":{"name":"(anonymous_6)","decl":{"start":{"line":42,"column":25},"end":{"line":42,"column":26}},"loc":{"start":{"line":42,"column":33},"end":{"line":54,"column":5}},"line":42},"7":{"name":"(anonymous_7)","decl":{"start":{"line":43,"column":39},"end":{"line":43,"column":40}},"loc":{"start":{"line":43,"column":56},"end":{"line":51,"column":9}},"line":43},"8":{"name":"(anonymous_8)","decl":{"start":{"line":46,"column":33},"end":{"line":46,"column":34}},"loc":{"start":{"line":46,"column":41},"end":{"line":46,"column":74}},"line":46},"9":{"name":"(anonymous_9)","decl":{"start":{"line":47,"column":36},"end":{"line":47,"column":37}},"loc":{"start":{"line":47,"column":47},"end":{"line":47,"column":77}},"line":47},"10":{"name":"(anonymous_10)","decl":{"start":{"line":56,"column":28},"end":{"line":56,"column":29}},"loc":{"start":{"line":56,"column":48},"end":{"line":58,"column":5}},"line":56},"11":{"name":"getUsersFromStorage","decl":{"start":{"line":63,"column":9},"end":{"line":63,"column":28}},"loc":{"start":{"line":63,"column":31},"end":{"line":65,"column":1}},"line":63},"12":{"name":"saveUsersToStorage","decl":{"start":{"line":67,"column":9},"end":{"line":67,"column":27}},"loc":{"start":{"line":67,"column":35},"end":{"line":69,"column":1}},"line":67},"13":{"name":"(anonymous_13)","decl":{"start":{"line":92,"column":40},"end":{"line":92,"column":41}},"loc":{"start":{"line":92,"column":46},"end":{"line":92,"column":82}},"line":92},"14":{"name":"(anonymous_14)","decl":{"start":{"line":93,"column":35},"end":{"line":93,"column":36}},"loc":{"start":{"line":93,"column":41},"end":{"line":93,"column":77}},"line":93},"15":{"name":"(anonymous_15)","decl":{"start":{"line":95,"column":40},"end":{"line":95,"column":41}},"loc":{"start":{"line":95,"column":46},"end":{"line":95,"column":82}},"line":95},"16":{"name":"toggleModal","decl":{"start":{"line":98,"column":9},"end":{"line":98,"column":20}},"loc":{"start":{"line":98,"column":42},"end":{"line":100,"column":1}},"line":98},"17":{"name":"formatInput","decl":{"start":{"line":102,"column":9},"end":{"line":102,"column":20}},"loc":{"start":{"line":102,"column":28},"end":{"line":104,"column":1}},"line":102},"18":{"name":"generateUserId","decl":{"start":{"line":106,"column":9},"end":{"line":106,"column":23}},"loc":{"start":{"line":106,"column":26},"end":{"line":109,"column":1}},"line":106},"19":{"name":"AddUser","decl":{"start":{"line":112,"column":9},"end":{"line":112,"column":16}},"loc":{"start":{"line":112,"column":19},"end":{"line":130,"column":1}},"line":112},"20":{"name":"clearInputFields","decl":{"start":{"line":132,"column":9},"end":{"line":132,"column":25}},"loc":{"start":{"line":132,"column":34},"end":{"line":134,"column":1}},"line":132},"21":{"name":"(anonymous_21)","decl":{"start":{"line":133,"column":19},"end":{"line":133,"column":20}},"loc":{"start":{"line":133,"column":28},"end":{"line":133,"column":44}},"line":133},"22":{"name":"renderUsers","decl":{"start":{"line":136,"column":9},"end":{"line":136,"column":20}},"loc":{"start":{"line":136,"column":23},"end":{"line":150,"column":1}},"line":136},"23":{"name":"(anonymous_23)","decl":{"start":{"line":145,"column":22},"end":{"line":145,"column":23}},"loc":{"start":{"line":145,"column":30},"end":{"line":148,"column":9}},"line":145},"24":{"name":"createUserRow","decl":{"start":{"line":152,"column":9},"end":{"line":152,"column":22}},"loc":{"start":{"line":152,"column":29},"end":{"line":172,"column":1}},"line":152},"25":{"name":"(anonymous_25)","decl":{"start":{"line":168,"column":61},"end":{"line":168,"column":62}},"loc":{"start":{"line":168,"column":67},"end":{"line":168,"column":84}},"line":168},"26":{"name":"(anonymous_26)","decl":{"start":{"line":169,"column":63},"end":{"line":169,"column":64}},"loc":{"start":{"line":169,"column":69},"end":{"line":169,"column":88}},"line":169},"27":{"name":"deleteUser","decl":{"start":{"line":174,"column":9},"end":{"line":174,"column":19}},"loc":{"start":{"line":174,"column":28},"end":{"line":189,"column":1}},"line":174},"28":{"name":"(anonymous_28)","decl":{"start":{"line":181,"column":42},"end":{"line":181,"column":43}},"loc":{"start":{"line":181,"column":50},"end":{"line":181,"column":68}},"line":181},"29":{"name":"editUser","decl":{"start":{"line":191,"column":9},"end":{"line":191,"column":17}},"loc":{"start":{"line":191,"column":26},"end":{"line":206,"column":1}},"line":191},"30":{"name":"(anonymous_30)","decl":{"start":{"line":193,"column":28},"end":{"line":193,"column":29}},"loc":{"start":{"line":193,"column":33},"end":{"line":193,"column":48}},"line":193},"31":{"name":"(anonymous_31)","decl":{"start":{"line":202,"column":30},"end":{"line":202,"column":31}},"loc":{"start":{"line":202,"column":47},"end":{"line":205,"column":5}},"line":202},"32":{"name":"updateUser","decl":{"start":{"line":208,"column":9},"end":{"line":208,"column":19}},"loc":{"start":{"line":208,"column":28},"end":{"line":223,"column":1}},"line":208},"33":{"name":"(anonymous_33)","decl":{"start":{"line":210,"column":28},"end":{"line":210,"column":29}},"loc":{"start":{"line":210,"column":33},"end":{"line":210,"column":48}},"line":210},"34":{"name":"(anonymous_34)","decl":{"start":{"line":246,"column":41},"end":{"line":246,"column":42}},"loc":{"start":{"line":246,"column":47},"end":{"line":246,"column":74}},"line":246},"35":{"name":"(anonymous_35)","decl":{"start":{"line":247,"column":51},"end":{"line":247,"column":52}},"loc":{"start":{"line":247,"column":57},"end":{"line":247,"column":84}},"line":247},"36":{"name":"(anonymous_36)","decl":{"start":{"line":249,"column":42},"end":{"line":249,"column":43}},"loc":{"start":{"line":249,"column":48},"end":{"line":249,"column":78}},"line":249},"37":{"name":"(anonymous_37)","decl":{"start":{"line":250,"column":45},"end":{"line":250,"column":46}},"loc":{"start":{"line":250,"column":51},"end":{"line":250,"column":86}},"line":250},"38":{"name":"showModal","decl":{"start":{"line":253,"column":9},"end":{"line":253,"column":18}},"loc":{"start":{"line":253,"column":26},"end":{"line":255,"column":1}},"line":253},"39":{"name":"hideModal","decl":{"start":{"line":257,"column":9},"end":{"line":257,"column":18}},"loc":{"start":{"line":257,"column":26},"end":{"line":259,"column":1}},"line":257},"40":{"name":"generateGroupId","decl":{"start":{"line":261,"column":9},"end":{"line":261,"column":24}},"loc":{"start":{"line":261,"column":27},"end":{"line":264,"column":1}},"line":261},"41":{"name":"CreateGroup","decl":{"start":{"line":266,"column":9},"end":{"line":266,"column":20}},"loc":{"start":{"line":266,"column":23},"end":{"line":281,"column":1}},"line":266},"42":{"name":"renderGroups","decl":{"start":{"line":283,"column":9},"end":{"line":283,"column":21}},"loc":{"start":{"line":283,"column":24},"end":{"line":315,"column":1}},"line":283},"43":{"name":"(anonymous_43)","decl":{"start":{"line":294,"column":23},"end":{"line":294,"column":24}},"loc":{"start":{"line":294,"column":32},"end":{"line":313,"column":9}},"line":294},"44":{"name":"(anonymous_44)","decl":{"start":{"line":311,"column":68},"end":{"line":311,"column":69}},"loc":{"start":{"line":311,"column":74},"end":{"line":311,"column":91}},"line":311},"45":{"name":"(anonymous_45)","decl":{"start":{"line":312,"column":71},"end":{"line":312,"column":72}},"loc":{"start":{"line":312,"column":77},"end":{"line":312,"column":97}},"line":312},"46":{"name":"addUser","decl":{"start":{"line":317,"column":9},"end":{"line":317,"column":16}},"loc":{"start":{"line":317,"column":26},"end":{"line":352,"column":1}},"line":317},"47":{"name":"(anonymous_47)","decl":{"start":{"line":321,"column":30},"end":{"line":321,"column":31}},"loc":{"start":{"line":321,"column":35},"end":{"line":321,"column":51}},"line":321},"48":{"name":"(anonymous_48)","decl":{"start":{"line":329,"column":42},"end":{"line":329,"column":43}},"loc":{"start":{"line":329,"column":50},"end":{"line":329,"column":104}},"line":329},"49":{"name":"(anonymous_49)","decl":{"start":{"line":333,"column":35},"end":{"line":333,"column":36}},"loc":{"start":{"line":333,"column":46},"end":{"line":351,"column":5}},"line":333},"50":{"name":"(anonymous_50)","decl":{"start":{"line":336,"column":78},"end":{"line":336,"column":79}},"loc":{"start":{"line":336,"column":88},"end":{"line":336,"column":106}},"line":336},"51":{"name":"(anonymous_51)","decl":{"start":{"line":339,"column":34},"end":{"line":339,"column":35}},"loc":{"start":{"line":339,"column":46},"end":{"line":341,"column":9}},"line":339},"52":{"name":"(anonymous_52)","decl":{"start":{"line":345,"column":41},"end":{"line":345,"column":42}},"loc":{"start":{"line":345,"column":46},"end":{"line":345,"column":74}},"line":345},"53":{"name":"removeUser","decl":{"start":{"line":354,"column":9},"end":{"line":354,"column":19}},"loc":{"start":{"line":354,"column":29},"end":{"line":391,"column":1}},"line":354},"54":{"name":"(anonymous_54)","decl":{"start":{"line":358,"column":30},"end":{"line":358,"column":31}},"loc":{"start":{"line":358,"column":35},"end":{"line":358,"column":51}},"line":358},"55":{"name":"(anonymous_55)","decl":{"start":{"line":366,"column":47},"end":{"line":366,"column":48}},"loc":{"start":{"line":366,"column":55},"end":{"line":366,"column":81}},"line":366},"56":{"name":"(anonymous_56)","decl":{"start":{"line":370,"column":40},"end":{"line":370,"column":41}},"loc":{"start":{"line":370,"column":51},"end":{"line":390,"column":5}},"line":370},"57":{"name":"(anonymous_57)","decl":{"start":{"line":373,"column":73},"end":{"line":373,"column":74}},"loc":{"start":{"line":373,"column":83},"end":{"line":373,"column":101}},"line":373},"58":{"name":"(anonymous_58)","decl":{"start":{"line":378,"column":30},"end":{"line":378,"column":31}},"loc":{"start":{"line":378,"column":38},"end":{"line":380,"column":9}},"line":378},"59":{"name":"(anonymous_59)","decl":{"start":{"line":384,"column":41},"end":{"line":384,"column":42}},"loc":{"start":{"line":384,"column":46},"end":{"line":384,"column":74}},"line":384},"60":{"name":"(anonymous_60)","decl":{"start":{"line":414,"column":40},"end":{"line":414,"column":41}},"loc":{"start":{"line":414,"column":46},"end":{"line":414,"column":72}},"line":414},"61":{"name":"(anonymous_61)","decl":{"start":{"line":415,"column":50},"end":{"line":415,"column":51}},"loc":{"start":{"line":415,"column":56},"end":{"line":415,"column":82}},"line":415},"62":{"name":"(anonymous_62)","decl":{"start":{"line":417,"column":45},"end":{"line":417,"column":46}},"loc":{"start":{"line":417,"column":51},"end":{"line":417,"column":83}},"line":417},"63":{"name":"(anonymous_63)","decl":{"start":{"line":418,"column":50},"end":{"line":418,"column":51}},"loc":{"start":{"line":418,"column":56},"end":{"line":418,"column":89}},"line":418},"64":{"name":"generateRoleId","decl":{"start":{"line":422,"column":9},"end":{"line":422,"column":23}},"loc":{"start":{"line":422,"column":26},"end":{"line":425,"column":1}},"line":422},"65":{"name":"createRole","decl":{"start":{"line":427,"column":9},"end":{"line":427,"column":19}},"loc":{"start":{"line":427,"column":22},"end":{"line":445,"column":1}},"line":427},"66":{"name":"renderRoles","decl":{"start":{"line":447,"column":9},"end":{"line":447,"column":20}},"loc":{"start":{"line":447,"column":23},"end":{"line":483,"column":1}},"line":447},"67":{"name":"(anonymous_67)","decl":{"start":{"line":456,"column":22},"end":{"line":456,"column":23}},"loc":{"start":{"line":456,"column":30},"end":{"line":478,"column":9}},"line":456},"68":{"name":"(anonymous_68)","decl":{"start":{"line":476,"column":52},"end":{"line":476,"column":53}},"loc":{"start":{"line":476,"column":58},"end":{"line":476,"column":83}},"line":476},"69":{"name":"(anonymous_69)","decl":{"start":{"line":477,"column":53},"end":{"line":477,"column":54}},"loc":{"start":{"line":477,"column":59},"end":{"line":477,"column":85}},"line":477},"70":{"name":"assignRoleToUser","decl":{"start":{"line":485,"column":9},"end":{"line":485,"column":25}},"loc":{"start":{"line":485,"column":34},"end":{"line":509,"column":1}},"line":485},"71":{"name":"(anonymous_71)","decl":{"start":{"line":489,"column":28},"end":{"line":489,"column":29}},"loc":{"start":{"line":489,"column":33},"end":{"line":489,"column":48}},"line":489},"72":{"name":"(anonymous_72)","decl":{"start":{"line":492,"column":42},"end":{"line":492,"column":43}},"loc":{"start":{"line":492,"column":50},"end":{"line":492,"column":104}},"line":492},"73":{"name":"(anonymous_73)","decl":{"start":{"line":495,"column":34},"end":{"line":495,"column":35}},"loc":{"start":{"line":495,"column":51},"end":{"line":508,"column":5}},"line":495},"74":{"name":"(anonymous_74)","decl":{"start":{"line":500,"column":80},"end":{"line":500,"column":81}},"loc":{"start":{"line":500,"column":90},"end":{"line":500,"column":108}},"line":500},"75":{"name":"assignRoleToGroup","decl":{"start":{"line":511,"column":9},"end":{"line":511,"column":26}},"loc":{"start":{"line":511,"column":35},"end":{"line":535,"column":1}},"line":511},"76":{"name":"(anonymous_76)","decl":{"start":{"line":515,"column":28},"end":{"line":515,"column":29}},"loc":{"start":{"line":515,"column":33},"end":{"line":515,"column":48}},"line":515},"77":{"name":"(anonymous_77)","decl":{"start":{"line":518,"column":40},"end":{"line":518,"column":41}},"loc":{"start":{"line":518,"column":49},"end":{"line":518,"column":106}},"line":518},"78":{"name":"(anonymous_78)","decl":{"start":{"line":521,"column":35},"end":{"line":521,"column":36}},"loc":{"start":{"line":521,"column":52},"end":{"line":534,"column":5}},"line":521},"79":{"name":"(anonymous_79)","decl":{"start":{"line":526,"column":78},"end":{"line":526,"column":79}},"loc":{"start":{"line":526,"column":88},"end":{"line":526,"column":106}},"line":526},"80":{"name":"renderRoleAssignments","decl":{"start":{"line":537,"column":9},"end":{"line":537,"column":30}},"loc":{"start":{"line":537,"column":33},"end":{"line":566,"column":1}},"line":537},"81":{"name":"(anonymous_81)","decl":{"start":{"line":541,"column":39},"end":{"line":541,"column":40}},"loc":{"start":{"line":542,"column":8},"end":{"line":542,"column":71}},"line":542},"82":{"name":"(anonymous_82)","decl":{"start":{"line":550,"column":30},"end":{"line":550,"column":31}},"loc":{"start":{"line":550,"column":38},"end":{"line":564,"column":9}},"line":550}},"branchMap":{"0":{"loc":{"start":{"line":57,"column":32},"end":{"line":57,"column":61}},"type":"cond-expr","locations":[{"start":{"line":57,"column":46},"end":{"line":57,"column":52}},{"start":{"line":57,"column":55},"end":{"line":57,"column":61}}],"line":57},"1":{"loc":{"start":{"line":64,"column":11},"end":{"line":64,"column":58}},"type":"binary-expr","locations":[{"start":{"line":64,"column":11},"end":{"line":64,"column":52}},{"start":{"line":64,"column":56},"end":{"line":64,"column":58}}],"line":64},"2":{"loc":{"start":{"line":108,"column":11},"end":{"line":108,"column":60}},"type":"cond-expr","locations":[{"start":{"line":108,"column":26},"end":{"line":108,"column":56}},{"start":{"line":108,"column":59},"end":{"line":108,"column":60}}],"line":108},"3":{"loc":{"start":{"line":142,"column":4},"end":{"line":149,"column":5}},"type":"if","locations":[{"start":{"line":142,"column":4},"end":{"line":149,"column":5}},{"start":{"line":144,"column":11},"end":{"line":149,"column":5}}],"line":142},"4":{"loc":{"start":{"line":178,"column":4},"end":{"line":188,"column":5}},"type":"if","locations":[{"start":{"line":178,"column":4},"end":{"line":188,"column":5}},{"start":{"line":185,"column":11},"end":{"line":188,"column":5}}],"line":178},"5":{"loc":{"start":{"line":262,"column":19},"end":{"line":262,"column":99}},"type":"cond-expr","locations":[{"start":{"line":262,"column":52},"end":{"line":262,"column":94}},{"start":{"line":262,"column":97},"end":{"line":262,"column":99}}],"line":262},"6":{"loc":{"start":{"line":263,"column":11},"end":{"line":263,"column":63}},"type":"cond-expr","locations":[{"start":{"line":263,"column":27},"end":{"line":263,"column":59}},{"start":{"line":263,"column":62},"end":{"line":263,"column":63}}],"line":263},"7":{"loc":{"start":{"line":273,"column":19},"end":{"line":273,"column":99}},"type":"cond-expr","locations":[{"start":{"line":273,"column":52},"end":{"line":273,"column":94}},{"start":{"line":273,"column":97},"end":{"line":273,"column":99}}],"line":273},"8":{"loc":{"start":{"line":285,"column":19},"end":{"line":285,"column":99}},"type":"cond-expr","locations":[{"start":{"line":285,"column":52},"end":{"line":285,"column":94}},{"start":{"line":285,"column":97},"end":{"line":285,"column":99}}],"line":285},"9":{"loc":{"start":{"line":289,"column":4},"end":{"line":314,"column":5}},"type":"if","locations":[{"start":{"line":289,"column":4},"end":{"line":314,"column":5}},{"start":{"line":293,"column":11},"end":{"line":314,"column":5}}],"line":289},"10":{"loc":{"start":{"line":299,"column":33},"end":{"line":299,"column":98}},"type":"cond-expr","locations":[{"start":{"line":299,"column":54},"end":{"line":299,"column":76}},{"start":{"line":299,"column":79},"end":{"line":299,"column":98}}],"line":299},"11":{"loc":{"start":{"line":324,"column":18},"end":{"line":324,"column":65}},"type":"binary-expr","locations":[{"start":{"line":324,"column":18},"end":{"line":324,"column":59}},{"start":{"line":324,"column":63},"end":{"line":324,"column":65}}],"line":324},"12":{"loc":{"start":{"line":325,"column":4},"end":{"line":331,"column":5}},"type":"if","locations":[{"start":{"line":325,"column":4},"end":{"line":331,"column":5}},{"start":{"line":328,"column":11},"end":{"line":331,"column":5}}],"line":325},"13":{"loc":{"start":{"line":345,"column":46},"end":{"line":345,"column":74}},"type":"cond-expr","locations":[{"start":{"line":345,"column":65},"end":{"line":345,"column":70}},{"start":{"line":345,"column":73},"end":{"line":345,"column":74}}],"line":345},"14":{"loc":{"start":{"line":362,"column":4},"end":{"line":368,"column":5}},"type":"if","locations":[{"start":{"line":362,"column":4},"end":{"line":368,"column":5}},{"start":{"line":365,"column":11},"end":{"line":368,"column":5}}],"line":362},"15":{"loc":{"start":{"line":384,"column":46},"end":{"line":384,"column":74}},"type":"cond-expr","locations":[{"start":{"line":384,"column":65},"end":{"line":384,"column":70}},{"start":{"line":384,"column":73},"end":{"line":384,"column":74}}],"line":384},"16":{"loc":{"start":{"line":423,"column":18},"end":{"line":423,"column":96}},"type":"cond-expr","locations":[{"start":{"line":423,"column":50},"end":{"line":423,"column":91}},{"start":{"line":423,"column":94},"end":{"line":423,"column":96}}],"line":423},"17":{"loc":{"start":{"line":424,"column":11},"end":{"line":424,"column":60}},"type":"cond-expr","locations":[{"start":{"line":424,"column":26},"end":{"line":424,"column":56}},{"start":{"line":424,"column":59},"end":{"line":424,"column":60}}],"line":424},"18":{"loc":{"start":{"line":436,"column":18},"end":{"line":436,"column":96}},"type":"cond-expr","locations":[{"start":{"line":436,"column":50},"end":{"line":436,"column":91}},{"start":{"line":436,"column":94},"end":{"line":436,"column":96}}],"line":436},"19":{"loc":{"start":{"line":449,"column":18},"end":{"line":449,"column":96}},"type":"cond-expr","locations":[{"start":{"line":449,"column":50},"end":{"line":449,"column":91}},{"start":{"line":449,"column":94},"end":{"line":449,"column":96}}],"line":449},"20":{"loc":{"start":{"line":453,"column":4},"end":{"line":481,"column":5}},"type":"if","locations":[{"start":{"line":453,"column":4},"end":{"line":481,"column":5}},{"start":{"line":455,"column":11},"end":{"line":481,"column":5}}],"line":453},"21":{"loc":{"start":{"line":539,"column":18},"end":{"line":539,"column":65}},"type":"binary-expr","locations":[{"start":{"line":539,"column":18},"end":{"line":539,"column":59}},{"start":{"line":539,"column":63},"end":{"line":539,"column":65}}],"line":539},"22":{"loc":{"start":{"line":542,"column":8},"end":{"line":542,"column":71}},"type":"binary-expr","locations":[{"start":{"line":542,"column":8},"end":{"line":542,"column":37}},{"start":{"line":542,"column":41},"end":{"line":542,"column":71}}],"line":542},"23":{"loc":{"start":{"line":547,"column":4},"end":{"line":565,"column":5}},"type":"if","locations":[{"start":{"line":547,"column":4},"end":{"line":565,"column":5}},{"start":{"line":549,"column":11},"end":{"line":565,"column":5}}],"line":547},"24":{"loc":{"start":{"line":552,"column":35},"end":{"line":552,"column":60}},"type":"binary-expr","locations":[{"start":{"line":552,"column":35},"end":{"line":552,"column":54}},{"start":{"line":552,"column":58},"end":{"line":552,"column":60}}],"line":552},"25":{"loc":{"start":{"line":553,"column":33},"end":{"line":553,"column":102}},"type":"cond-expr","locations":[{"start":{"line":553,"column":56},"end":{"line":553,"column":80}},{"start":{"line":553,"column":83},"end":{"line":553,"column":102}}],"line":553},"26":{"loc":{"start":{"line":554,"column":34},"end":{"line":554,"column":106}},"type":"cond-expr","locations":[{"start":{"line":554,"column":58},"end":{"line":554,"column":83}},{"start":{"line":554,"column":86},"end":{"line":554,"column":106}}],"line":554}},"s":{"0":44,"1":44,"2":44,"3":44,"4":3,"5":3,"6":3,"7":3,"8":72,"9":72,"10":72,"11":2,"12":72,"13":72,"14":72,"15":5,"16":5,"17":72,"18":5,"19":5,"20":5,"21":15,"22":9,"23":9,"24":27,"25":9,"26":27,"27":9,"28":9,"29":5,"30":15,"31":63,"32":15,"33":72,"34":72,"35":72,"36":72,"37":72,"38":72,"39":72,"40":72,"41":72,"42":72,"43":72,"44":72,"45":72,"46":72,"47":72,"48":72,"49":2,"50":72,"51":1,"52":72,"53":72,"54":1,"55":18,"56":36,"57":7,"58":7,"59":7,"60":7,"61":7,"62":7,"63":7,"64":7,"65":7,"66":7,"67":7,"68":28,"69":36,"70":36,"71":36,"72":36,"73":8,"74":28,"75":46,"76":46,"77":46,"78":46,"79":46,"80":46,"81":46,"82":1,"83":46,"84":1,"85":46,"86":7,"87":7,"88":6,"89":6,"90":11,"91":6,"92":6,"93":6,"94":1,"95":5,"96":5,"97":5,"98":5,"99":5,"100":5,"101":5,"102":5,"103":5,"104":1,"105":1,"106":2,"107":2,"108":2,"109":2,"110":2,"111":2,"112":2,"113":2,"114":2,"115":2,"116":2,"117":2,"118":72,"119":72,"120":72,"121":72,"122":72,"123":72,"124":72,"125":72,"126":72,"127":72,"128":72,"129":72,"130":72,"131":72,"132":72,"133":72,"134":1,"135":72,"136":1,"137":72,"138":72,"139":1,"140":72,"141":1,"142":21,"143":31,"144":5,"145":5,"146":5,"147":5,"148":5,"149":5,"150":5,"151":5,"152":5,"153":5,"154":27,"155":27,"156":27,"157":27,"158":7,"159":7,"160":7,"161":20,"162":21,"163":21,"164":21,"165":21,"166":21,"167":21,"168":21,"169":5,"170":21,"171":4,"172":5,"173":5,"174":5,"175":5,"176":5,"177":5,"178":5,"179":1,"180":1,"181":4,"182":8,"183":4,"184":5,"185":3,"186":3,"187":6,"188":3,"189":3,"190":6,"191":3,"192":3,"193":3,"194":3,"195":3,"196":3,"197":3,"198":4,"199":4,"200":4,"201":4,"202":4,"203":4,"204":1,"205":1,"206":3,"207":6,"208":3,"209":4,"210":2,"211":2,"212":2,"213":2,"214":2,"215":2,"216":2,"217":2,"218":2,"219":2,"220":2,"221":2,"222":2,"223":72,"224":72,"225":72,"226":72,"227":72,"228":72,"229":72,"230":72,"231":72,"232":72,"233":72,"234":72,"235":72,"236":72,"237":72,"238":72,"239":72,"240":1,"241":72,"242":1,"243":72,"244":72,"245":1,"246":72,"247":1,"248":7,"249":7,"250":7,"251":7,"252":7,"253":7,"254":7,"255":7,"256":7,"257":7,"258":7,"259":25,"260":25,"261":25,"262":25,"263":7,"264":18,"265":22,"266":22,"267":22,"268":22,"269":22,"270":22,"271":22,"272":22,"273":6,"274":22,"275":4,"276":6,"277":6,"278":6,"279":7,"280":6,"281":6,"282":12,"283":6,"284":6,"285":5,"286":5,"287":5,"288":8,"289":5,"290":5,"291":5,"292":5,"293":5,"294":4,"295":4,"296":4,"297":4,"298":4,"299":4,"300":8,"301":4,"302":4,"303":3,"304":3,"305":3,"306":6,"307":3,"308":3,"309":3,"310":3,"311":3,"312":13,"313":13,"314":13,"315":10,"316":13,"317":13,"318":5,"319":8,"320":9,"321":9,"322":9,"323":9,"324":9,"325":9,"326":9,"327":72},"f":{"0":44,"1":3,"2":3,"3":2,"4":5,"5":5,"6":15,"7":9,"8":27,"9":27,"10":15,"11":63,"12":15,"13":2,"14":1,"15":1,"16":18,"17":36,"18":7,"19":7,"20":7,"21":28,"22":36,"23":46,"24":46,"25":1,"26":1,"27":7,"28":11,"29":5,"30":5,"31":1,"32":2,"33":2,"34":1,"35":1,"36":1,"37":1,"38":21,"39":31,"40":5,"41":5,"42":27,"43":21,"44":5,"45":4,"46":5,"47":5,"48":8,"49":3,"50":6,"51":6,"52":3,"53":4,"54":4,"55":6,"56":2,"57":2,"58":2,"59":2,"60":1,"61":1,"62":1,"63":1,"64":7,"65":7,"66":25,"67":22,"68":6,"69":4,"70":6,"71":7,"72":12,"73":5,"74":8,"75":4,"76":4,"77":8,"78":3,"79":6,"80":13,"81":10,"82":9},"b":{"0":[5,10],"1":[63,16],"2":[2,5],"3":[8,28],"4":[6,1],"5":[1,4],"6":[1,4],"7":[1,4],"8":[21,6],"9":[7,20],"10":[10,11],"11":[5,1],"12":[1,4],"13":[3,0],"14":[1,3],"15":[2,0],"16":[2,5],"17":[2,5],"18":[2,5],"19":[19,6],"20":[7,18],"21":[13,5],"22":[10,4],"23":[5,8],"24":[9,1],"25":[6,3],"26":[3,6]},"_coverageSchema":"1a1c01bbd47fc00a2c39e90264f33305004495a9","hash":"2f84c29651a919305ea4ef9494968bdd197b4ad9"}
}
