TN:
SF:script.js
FN:4,showNotification
FN:9,(anonymous_1)
FN:11,(anonymous_2)
FN:23,(anonymous_3)
FN:30,(anonymous_4)
FN:38,(anonymous_5)
FN:42,(anonymous_6)
FN:43,(anonymous_7)
FN:46,(anonymous_8)
FN:47,(anonymous_9)
FN:56,(anonymous_10)
FN:63,getUsersFromStorage
FN:67,saveUsersToStorage
FN:92,(anonymous_13)
FN:93,(anonymous_14)
FN:95,(anonymous_15)
FN:98,toggleModal
FN:102,formatInput
FN:106,generateUserId
FN:112,AddUser
FN:132,clearInputFields
FN:133,(anonymous_21)
FN:136,renderUsers
FN:145,(anonymous_23)
FN:152,createUserRow
FN:168,(anonymous_25)
FN:169,(anonymous_26)
FN:174,deleteUser
FN:181,(anonymous_28)
FN:191,editUser
FN:193,(anonymous_30)
FN:202,(anonymous_31)
FN:208,updateUser
FN:210,(anonymous_33)
FN:246,(anonymous_34)
FN:247,(anonymous_35)
FN:249,(anonymous_36)
FN:250,(anonymous_37)
FN:253,showModal
FN:257,hideModal
FN:261,generateGroupId
FN:266,CreateGroup
FN:283,renderGroups
FN:294,(anonymous_43)
FN:311,(anonymous_44)
FN:312,(anonymous_45)
FN:317,addUser
FN:321,(anonymous_47)
FN:329,(anonymous_48)
FN:333,(anonymous_49)
FN:336,(anonymous_50)
FN:339,(anonymous_51)
FN:345,(anonymous_52)
FN:354,removeUser
FN:358,(anonymous_54)
FN:366,(anonymous_55)
FN:370,(anonymous_56)
FN:373,(anonymous_57)
FN:378,(anonymous_58)
FN:384,(anonymous_59)
FN:414,(anonymous_60)
FN:415,(anonymous_61)
FN:417,(anonymous_62)
FN:418,(anonymous_63)
FN:422,generateRoleId
FN:427,createRole
FN:447,renderRoles
FN:456,(anonymous_67)
FN:476,(anonymous_68)
FN:477,(anonymous_69)
FN:485,assignRoleToUser
FN:489,(anonymous_71)
FN:492,(anonymous_72)
FN:495,(anonymous_73)
FN:500,(anonymous_74)
FN:511,assignRoleToGroup
FN:515,(anonymous_76)
FN:518,(anonymous_77)
FN:521,(anonymous_78)
FN:526,(anonymous_79)
FN:537,renderRoleAssignments
FN:541,(anonymous_81)
FN:550,(anonymous_82)
FNF:83
FNH:83
FNDA:44,showNotification
FNDA:3,(anonymous_1)
FNDA:3,(anonymous_2)
FNDA:2,(anonymous_3)
FNDA:5,(anonymous_4)
FNDA:5,(anonymous_5)
FNDA:15,(anonymous_6)
FNDA:9,(anonymous_7)
FNDA:27,(anonymous_8)
FNDA:27,(anonymous_9)
FNDA:15,(anonymous_10)
FNDA:63,getUsersFromStorage
FNDA:15,saveUsersToStorage
FNDA:2,(anonymous_13)
FNDA:1,(anonymous_14)
FNDA:1,(anonymous_15)
FNDA:18,toggleModal
FNDA:36,formatInput
FNDA:7,generateUserId
FNDA:7,AddUser
FNDA:7,clearInputFields
FNDA:28,(anonymous_21)
FNDA:36,renderUsers
FNDA:46,(anonymous_23)
FNDA:46,createUserRow
FNDA:1,(anonymous_25)
FNDA:1,(anonymous_26)
FNDA:7,deleteUser
FNDA:11,(anonymous_28)
FNDA:5,editUser
FNDA:5,(anonymous_30)
FNDA:1,(anonymous_31)
FNDA:2,updateUser
FNDA:2,(anonymous_33)
FNDA:1,(anonymous_34)
FNDA:1,(anonymous_35)
FNDA:1,(anonymous_36)
FNDA:1,(anonymous_37)
FNDA:21,showModal
FNDA:31,hideModal
FNDA:5,generateGroupId
FNDA:5,CreateGroup
FNDA:27,renderGroups
FNDA:21,(anonymous_43)
FNDA:5,(anonymous_44)
FNDA:4,(anonymous_45)
FNDA:5,addUser
FNDA:5,(anonymous_47)
FNDA:8,(anonymous_48)
FNDA:3,(anonymous_49)
FNDA:6,(anonymous_50)
FNDA:6,(anonymous_51)
FNDA:3,(anonymous_52)
FNDA:4,removeUser
FNDA:4,(anonymous_54)
FNDA:6,(anonymous_55)
FNDA:2,(anonymous_56)
FNDA:2,(anonymous_57)
FNDA:2,(anonymous_58)
FNDA:2,(anonymous_59)
FNDA:1,(anonymous_60)
FNDA:1,(anonymous_61)
FNDA:1,(anonymous_62)
FNDA:1,(anonymous_63)
FNDA:7,generateRoleId
FNDA:7,createRole
FNDA:25,renderRoles
FNDA:22,(anonymous_67)
FNDA:6,(anonymous_68)
FNDA:4,(anonymous_69)
FNDA:6,assignRoleToUser
FNDA:7,(anonymous_71)
FNDA:12,(anonymous_72)
FNDA:5,(anonymous_73)
FNDA:8,(anonymous_74)
FNDA:4,assignRoleToGroup
FNDA:4,(anonymous_76)
FNDA:8,(anonymous_77)
FNDA:3,(anonymous_78)
FNDA:6,(anonymous_79)
FNDA:13,renderRoleAssignments
FNDA:10,(anonymous_81)
FNDA:9,(anonymous_82)
DA:5,44
DA:6,44
DA:7,44
DA:9,44
DA:10,3
DA:11,3
DA:12,3
DA:13,3
DA:20,72
DA:21,72
DA:23,72
DA:24,2
DA:28,72
DA:29,72
DA:30,72
DA:31,5
DA:32,5
DA:38,72
DA:39,5
DA:40,5
DA:42,5
DA:43,15
DA:44,9
DA:46,27
DA:47,27
DA:49,9
DA:50,9
DA:56,5
DA:57,15
DA:64,63
DA:68,15
DA:74,72
DA:75,72
DA:76,72
DA:77,72
DA:79,72
DA:80,72
DA:81,72
DA:82,72
DA:84,72
DA:85,72
DA:86,72
DA:87,72
DA:88,72
DA:89,72
DA:90,72
DA:92,72
DA:93,72
DA:94,72
DA:95,72
DA:99,18
DA:103,36
DA:107,7
DA:108,7
DA:113,7
DA:121,7
DA:122,7
DA:123,7
DA:125,7
DA:127,7
DA:128,7
DA:129,7
DA:133,28
DA:137,36
DA:138,36
DA:140,36
DA:142,36
DA:143,8
DA:145,28
DA:146,46
DA:147,46
DA:153,46
DA:154,46
DA:155,46
DA:156,46
DA:168,46
DA:169,46
DA:171,46
DA:176,7
DA:178,7
DA:180,6
DA:181,11
DA:182,6
DA:183,6
DA:184,6
DA:187,1
DA:192,5
DA:193,5
DA:195,5
DA:196,5
DA:197,5
DA:198,5
DA:200,5
DA:202,5
DA:203,1
DA:204,1
DA:209,2
DA:210,2
DA:212,2
DA:213,2
DA:214,2
DA:215,2
DA:217,2
DA:219,2
DA:220,2
DA:221,2
DA:222,2
DA:228,72
DA:229,72
DA:230,72
DA:231,72
DA:232,72
DA:234,72
DA:235,72
DA:236,72
DA:237,72
DA:238,72
DA:240,72
DA:241,72
DA:242,72
DA:243,72
DA:244,72
DA:246,72
DA:247,72
DA:248,72
DA:249,72
DA:250,72
DA:254,21
DA:258,31
DA:262,5
DA:263,5
DA:267,5
DA:273,5
DA:274,5
DA:275,5
DA:277,5
DA:278,5
DA:279,5
DA:280,5
DA:284,27
DA:285,27
DA:287,27
DA:289,27
DA:290,7
DA:291,7
DA:292,7
DA:294,20
DA:295,21
DA:297,21
DA:298,21
DA:299,21
DA:300,21
DA:309,21
DA:311,21
DA:312,21
DA:318,5
DA:320,5
DA:321,5
DA:322,5
DA:324,5
DA:325,5
DA:326,1
DA:327,1
DA:329,8
DA:330,4
DA:333,5
DA:334,3
DA:336,6
DA:337,3
DA:339,3
DA:340,6
DA:343,3
DA:345,3
DA:347,3
DA:348,3
DA:349,3
DA:350,3
DA:355,4
DA:357,4
DA:358,4
DA:360,4
DA:362,4
DA:363,1
DA:364,1
DA:366,6
DA:367,3
DA:370,4
DA:371,2
DA:373,2
DA:376,2
DA:378,2
DA:379,2
DA:382,2
DA:384,2
DA:386,2
DA:387,2
DA:388,2
DA:389,2
DA:395,72
DA:396,72
DA:397,72
DA:398,72
DA:399,72
DA:400,72
DA:401,72
DA:402,72
DA:403,72
DA:404,72
DA:405,72
DA:406,72
DA:407,72
DA:408,72
DA:409,72
DA:410,72
DA:414,72
DA:415,72
DA:416,72
DA:417,72
DA:418,72
DA:423,7
DA:424,7
DA:428,7
DA:436,7
DA:437,7
DA:438,7
DA:440,7
DA:441,7
DA:442,7
DA:443,7
DA:444,7
DA:448,25
DA:449,25
DA:451,25
DA:453,25
DA:454,7
DA:456,18
DA:457,22
DA:459,22
DA:460,22
DA:461,22
DA:471,22
DA:473,22
DA:474,22
DA:476,22
DA:477,22
DA:486,6
DA:488,6
DA:489,7
DA:491,6
DA:492,12
DA:493,6
DA:495,6
DA:496,5
DA:498,5
DA:500,8
DA:502,5
DA:504,5
DA:505,5
DA:506,5
DA:507,5
DA:512,4
DA:514,4
DA:515,4
DA:517,4
DA:518,8
DA:519,4
DA:521,4
DA:522,3
DA:524,3
DA:526,6
DA:528,3
DA:530,3
DA:531,3
DA:532,3
DA:533,3
DA:538,13
DA:539,13
DA:541,13
DA:542,10
DA:545,13
DA:547,13
DA:548,5
DA:550,8
DA:551,9
DA:552,9
DA:553,9
DA:554,9
DA:556,9
DA:557,9
DA:563,9
DA:570,72
LF:291
LH:291
BRDA:57,0,0,5
BRDA:57,0,1,10
BRDA:64,1,0,63
BRDA:64,1,1,16
BRDA:108,2,0,2
BRDA:108,2,1,5
BRDA:142,3,0,8
BRDA:142,3,1,28
BRDA:178,4,0,6
BRDA:178,4,1,1
BRDA:262,5,0,1
BRDA:262,5,1,4
BRDA:263,6,0,1
BRDA:263,6,1,4
BRDA:273,7,0,1
BRDA:273,7,1,4
BRDA:285,8,0,21
BRDA:285,8,1,6
BRDA:289,9,0,7
BRDA:289,9,1,20
BRDA:299,10,0,10
BRDA:299,10,1,11
BRDA:324,11,0,5
BRDA:324,11,1,1
BRDA:325,12,0,1
BRDA:325,12,1,4
BRDA:345,13,0,3
BRDA:345,13,1,0
BRDA:362,14,0,1
BRDA:362,14,1,3
BRDA:384,15,0,2
BRDA:384,15,1,0
BRDA:423,16,0,2
BRDA:423,16,1,5
BRDA:424,17,0,2
BRDA:424,17,1,5
BRDA:436,18,0,2
BRDA:436,18,1,5
BRDA:449,19,0,19
BRDA:449,19,1,6
BRDA:453,20,0,7
BRDA:453,20,1,18
BRDA:539,21,0,13
BRDA:539,21,1,5
BRDA:542,22,0,10
BRDA:542,22,1,4
BRDA:547,23,0,5
BRDA:547,23,1,8
BRDA:552,24,0,9
BRDA:552,24,1,1
BRDA:553,25,0,6
BRDA:553,25,1,3
BRDA:554,26,0,3
BRDA:554,26,1,6
BRF:54
BRH:52
end_of_record
